
Showing logs for build [32mcb-kubecd-environment-pr-178-5-6q49c-1[0m stage [32mfrom-build-pack[0m and container [32mstep-credential-initializer-dbxwp[0m
{"level":"warn","ts":1583872442.9465122,"logger":"fallback-logger","caller":"logging/config.go:69","msg":"Fetch GitHub commit ID from kodata failed: \"ref: refs/heads/0.8.0-**-support-backwards-incompats\" is not a valid GitHub commit ID"}
{"level":"info","ts":1583872442.9473784,"logger":"fallback-logger","caller":"creds-init/main.go:40","msg":"Credentials initialized."}

Showing logs for build [32mcb-kubecd-environment-pr-178-5-6q49c-1[0m stage [32mfrom-build-pack[0m and container [32mstep-working-dir-initializer-nkkkn[0m
{"level":"warn","ts":1583872443.970883,"logger":"fallback-logger","caller":"logging/config.go:69","msg":"Fetch GitHub commit ID from kodata failed: open /var/run/ko/HEAD: no such file or directory"}
{"level":"info","ts":1583872443.9732366,"logger":"fallback-logger","caller":"bash/main.go:64","msg":"Successfully executed command \"sh -c mkdir -p /workspace/source\"; output "}

Showing logs for build [32mcb-kubecd-environment-pr-178-5-6q49c-1[0m stage [32mfrom-build-pack[0m and container [32mstep-place-tools[0m

Showing logs for build [32mcb-kubecd-environment-pr-178-5-6q49c-1[0m stage [32mfrom-build-pack[0m and container [32mstep-git-source-cb-kubecd-environment-pr-178-5-6q49c-xmbxw[0m
{"level":"warn","ts":1583872450.087929,"logger":"fallback-logger","caller":"logging/config.go:69","msg":"Fetch GitHub commit ID from kodata failed: \"ref: refs/heads/0.8.0-**-support-backwards-incompats\" is not a valid GitHub commit ID"}
{"level":"info","ts":1583872451.1032977,"logger":"fallback-logger","caller":"git/git.go:103","msg":"Successfully cloned https://github.com/cb-kubecd/environment-pr-178-5-boot-gke-staging.git @ master in path /workspace/source"}

Showing logs for build [32mcb-kubecd-environment-pr-178-5-6q49c-1[0m stage [32mfrom-build-pack[0m and container [32mstep-git-merge[0m
Using SHAs from PULL_REFS=master:d16c355a2ca7b23a9c63e65e8debea3e66206151,1:e2acf4afb2beb44d71e6d1d1f02592fd1881ce1a
DEBUG: LC_ALL=C JX_LOG_LEVEL=error git fetch origin --unshallow e2acf4afb2beb44d71e6d1d1f02592fd1881ce1a: d16c355a2ca7b23a9c63e65e8debea3e66206151:
DEBUG: ran git fetch --unshallow origin e2acf4afb2beb44d71e6d1d1f02592fd1881ce1a: d16c355a2ca7b23a9c63e65e8debea3e66206151: in 
DEBUG: LC_ALL=C JX_LOG_LEVEL=error git branch
DEBUG: LC_ALL=C JX_LOG_LEVEL=error git checkout master
DEBUG: ran git checkout master in 
DEBUG: JX_LOG_LEVEL=error LC_ALL=C git reset --hard d16c355a2ca7b23a9c63e65e8debea3e66206151
DEBUG: ran git reset --hard d16c355a2ca7b23a9c63e65e8debea3e66206151 in 
DEBUG: LC_ALL=C JX_LOG_LEVEL=error git clean -fd .
DEBUG: ran clean --force -d . in 
DEBUG: LC_ALL=C JX_LOG_LEVEL=error git merge e2acf4afb2beb44d71e6d1d1f02592fd1881ce1a
DEBUG: ran git merge e2acf4afb2beb44d71e6d1d1f02592fd1881ce1a in 
DEBUG: LC_ALL=C JX_LOG_LEVEL=error git log --format=%H%x1f%an%x1f%ae%x1f%cn%x1f%ce%x1f%s%n%b%x1e d16c355a2ca7b23a9c63e65e8debea3e66206151..HEAD
Merged SHA e2acf4afb2beb44d71e6d1d1f02592fd1881ce1a with commit message 'chore: Promote bdd-spring-1583872137 to version 0.0.1' into base branch master

Showing logs for build [32mcb-kubecd-environment-pr-178-5-6q49c-1[0m stage [32mfrom-build-pack[0m and container [32mstep-build-helm-build[0m
WARNING: No $CHART_REPOSITORY defined so using the default value of: http://jenkins-x-chartmuseum:8080
Adding missing Helm repo: storage.googleapis.com https://storage.googleapis.com/chartmuseum.jenkins-x.io
WARNING: No secrets found on "helm/repos" due: reading the secret "helm/repos" from vault: no secret "helm/repos" not found in vault
Read credentials for https://storage.googleapis.com/chartmuseum.jenkins-x.io from vault helm/repos
Successfully added Helm repository storage.googleapis.com.
Adding missing Helm repo: jenkins-x-chartmuseum http://jenkins-x-chartmuseum:8080
WARNING: No secrets found on "helm/repos" due: reading the secret "helm/repos" from vault: no secret "helm/repos" not found in vault
Read credentials for http://jenkins-x-chartmuseum:8080 from vault helm/repos
Successfully added Helm repository jenkins-x-chartmuseum.
WARNING: No $CHART_REPOSITORY defined so using the default value of: http://jenkins-x-chartmuseum:8080
Adding missing Helm repo: chartmuseum.jenkins-x.io http://chartmuseum.jenkins-x.io
WARNING: No secrets found on "helm/repos" due: reading the secret "helm/repos" from vault: no secret "helm/repos" not found in vault
Read credentials for http://chartmuseum.jenkins-x.io from vault helm/repos
Successfully added Helm repository chartmuseum.jenkins-x.io.
