
Showing logs for build [32mcb-kubecd-environment-pr-178-5-9wrrt-1[0m stage [32mfrom-build-pack[0m and container [32mstep-credential-initializer-vdzjr[0m
{"level":"warn","ts":1583874238.389989,"logger":"fallback-logger","caller":"logging/config.go:69","msg":"Fetch GitHub commit ID from kodata failed: \"ref: refs/heads/0.8.0-**-support-backwards-incompats\" is not a valid GitHub commit ID"}
{"level":"info","ts":1583874238.3911943,"logger":"fallback-logger","caller":"creds-init/main.go:40","msg":"Credentials initialized."}

Showing logs for build [32mcb-kubecd-environment-pr-178-5-9wrrt-1[0m stage [32mfrom-build-pack[0m and container [32mstep-working-dir-initializer-fvfpz[0m
{"level":"warn","ts":1583874239.4368093,"logger":"fallback-logger","caller":"logging/config.go:69","msg":"Fetch GitHub commit ID from kodata failed: open /var/run/ko/HEAD: no such file or directory"}
{"level":"info","ts":1583874239.4388893,"logger":"fallback-logger","caller":"bash/main.go:64","msg":"Successfully executed command \"sh -c mkdir -p /workspace/source\"; output "}

Showing logs for build [32mcb-kubecd-environment-pr-178-5-9wrrt-1[0m stage [32mfrom-build-pack[0m and container [32mstep-place-tools[0m

Showing logs for build [32mcb-kubecd-environment-pr-178-5-9wrrt-1[0m stage [32mfrom-build-pack[0m and container [32mstep-git-source-cb-kubecd-environment-pr-178-5-9wrrt-j74rd[0m
{"level":"warn","ts":1583874244.8316884,"logger":"fallback-logger","caller":"logging/config.go:69","msg":"Fetch GitHub commit ID from kodata failed: \"ref: refs/heads/0.8.0-**-support-backwards-incompats\" is not a valid GitHub commit ID"}
{"level":"info","ts":1583874245.9347959,"logger":"fallback-logger","caller":"git/git.go:103","msg":"Successfully cloned https://github.com/cb-kubecd/environment-pr-178-5-boot-gke-staging.git @ master in path /workspace/source"}

Showing logs for build [32mcb-kubecd-environment-pr-178-5-9wrrt-1[0m stage [32mfrom-build-pack[0m and container [32mstep-git-merge[0m
Using SHAs from PULL_REFS=master:ebbb87cf3c54caf972ebcf8360c787f5e5ccab43,4:7c276c73bc6e78653e7a8ead3e3c5e836d1987d5
DEBUG: LC_ALL=C JX_LOG_LEVEL=error git fetch origin --unshallow 7c276c73bc6e78653e7a8ead3e3c5e836d1987d5: ebbb87cf3c54caf972ebcf8360c787f5e5ccab43:
DEBUG: ran git fetch --unshallow origin 7c276c73bc6e78653e7a8ead3e3c5e836d1987d5: ebbb87cf3c54caf972ebcf8360c787f5e5ccab43: in 
DEBUG: LC_ALL=C JX_LOG_LEVEL=error git branch
DEBUG: LC_ALL=C JX_LOG_LEVEL=error git checkout master
DEBUG: ran git checkout master in 
DEBUG: JX_LOG_LEVEL=error LC_ALL=C git reset --hard ebbb87cf3c54caf972ebcf8360c787f5e5ccab43
DEBUG: ran git reset --hard ebbb87cf3c54caf972ebcf8360c787f5e5ccab43 in 
DEBUG: LC_ALL=C JX_LOG_LEVEL=error git clean -fd .
DEBUG: ran clean --force -d . in 
DEBUG: LC_ALL=C JX_LOG_LEVEL=error git merge 7c276c73bc6e78653e7a8ead3e3c5e836d1987d5
DEBUG: ran git merge 7c276c73bc6e78653e7a8ead3e3c5e836d1987d5 in 
DEBUG: LC_ALL=C JX_LOG_LEVEL=error git log --format=%H%x1f%an%x1f%ae%x1f%cn%x1f%ce%x1f%s%n%b%x1e ebbb87cf3c54caf972ebcf8360c787f5e5ccab43..HEAD
Merged SHA 7c276c73bc6e78653e7a8ead3e3c5e836d1987d5 with commit message 'chore: Promote bdd-sbhg-1583873189 to version 0.0.1' into base branch master

Showing logs for build [32mcb-kubecd-environment-pr-178-5-9wrrt-1[0m stage [32mfrom-build-pack[0m and container [32mstep-build-helm-build[0m
WARNING: No $CHART_REPOSITORY defined so using the default value of: http://jenkins-x-chartmuseum:8080
Adding missing Helm repo: storage.googleapis.com https://storage.googleapis.com/chartmuseum.jenkins-x.io
WARNING: No secrets found on "helm/repos" due: reading the secret "helm/repos" from vault: no secret "helm/repos" not found in vault
Read credentials for https://storage.googleapis.com/chartmuseum.jenkins-x.io from vault helm/repos
Successfully added Helm repository storage.googleapis.com.
Adding missing Helm repo: jenkins-x-chartmuseum http://jenkins-x-chartmuseum:8080
WARNING: No secrets found on "helm/repos" due: reading the secret "helm/repos" from vault: no secret "helm/repos" not found in vault
Read credentials for http://jenkins-x-chartmuseum:8080 from vault helm/repos
Successfully added Helm repository jenkins-x-chartmuseum.
WARNING: No $CHART_REPOSITORY defined so using the default value of: http://jenkins-x-chartmuseum:8080
Adding missing Helm repo: chartmuseum.jenkins-x.io http://chartmuseum.jenkins-x.io
WARNING: No secrets found on "helm/repos" due: reading the secret "helm/repos" from vault: no secret "helm/repos" not found in vault
Read credentials for http://chartmuseum.jenkins-x.io from vault helm/repos
Successfully added Helm repository chartmuseum.jenkins-x.io.
